<?xml version="1.0" encoding="UTF-8"?>
<testng-results ignored="0" total="1" passed="1" failed="0" skipped="0">
  <reporter-output>
  </reporter-output>
  <suite started-at="2020-10-06T15:15:32Z" name="Default suite" finished-at="2020-10-06T15:15:46Z" duration-ms="13877">
    <groups>
    </groups>
    <test started-at="2020-10-06T15:15:32Z" name="Default test" finished-at="2020-10-06T15:15:46Z" duration-ms="13877">
      <class name="com.versapay.qa.test.LoginPageTest">
        <test-method is-config="true" signature="setUp()[pri:0, instance:com.versapay.qa.test.LoginPageTest@7fc229ab]" started-at="2020-10-06T15:15:32Z" name="setUp" finished-at="2020-10-06T15:15:40Z" duration-ms="7986" status="PASS">
          <reporter-output>
          </reporter-output>
        </test-method> <!-- setUp -->
        <test-method signature="loginMethodTest()[pri:0, instance:com.versapay.qa.test.LoginPageTest@7fc229ab]" started-at="2020-10-06T15:15:40Z" name="loginMethodTest" finished-at="2020-10-06T15:15:46Z" duration-ms="5843" status="PASS">
          <reporter-output>
          </reporter-output>
        </test-method> <!-- loginMethodTest -->
        <test-method is-config="true" signature="tearDown()[pri:0, instance:com.versapay.qa.test.LoginPageTest@7fc229ab]" started-at="2020-10-06T15:15:46Z" name="tearDown" finished-at="2020-10-06T15:15:46Z" duration-ms="1" status="PASS">
          <reporter-output>
          </reporter-output>
        </test-method> <!-- tearDown -->
      </class> <!-- com.versapay.qa.test.LoginPageTest -->
    </test> <!-- Default test -->
  </suite> <!-- Default suite -->
</testng-results>
